#
# A fatal error has been detected by the Java Runtime Environment:
#
#  SIGFPE (0x8) at pc=0x00000001192a7188, pid=44048, tid=6403
#
# JRE version: OpenJDK Runtime Environment AdoptOpenJDK (11.0.9.1+1) (build 11.0.9.1+1)
# Java VM: OpenJDK 64-Bit Server VM AdoptOpenJDK (11.0.9.1+1, mixed mode, tiered, compressed oops, g1 gc, bsd-amd64)
# Problematic frame:
# j  MethodsExercises.multiplication(II)I+0
#
# No core dump will be written. Core dumps have been disabled. To enable core dumping, try "ulimit -c unlimited" before starting Java again
#
# If you would like to submit a bug report, please visit:
#   https://github.com/AdoptOpenJDK/openjdk-support/issues
#

---------------  S U M M A R Y ------------

Command Line: -javaagent:/Applications/IntelliJ IDEA.app/Contents/lib/idea_rt.jar=58553:/Applications/IntelliJ IDEA.app/Contents/bin -Dfile.encoding=UTF-8 MethodsExercises

Host: MacBookPro17,1 x86_64 2400 MHz, 8 cores, 8G, Darwin 20.1.0
Time: Mon Mar  8 12:08:10 2021 CST elapsed time: 0.222339 seconds (0d 0h 0m 0s)

---------------  T H R E A D  ---------------

Current thread (0x00007fad5e014000):  JavaThread "main" [_thread_in_Java, id=6403, stack(0x0000000308b49000,0x0000000308c49000)]

Stack: [0x0000000308b49000,0x0000000308c49000],  sp=0x0000000308c48a30,  free space=1022k
Native frames: (J=compiled Java code, A=aot compiled Java code, j=interpreted, Vv=VM code, C=native code)
j  MethodsExercises.multiplication(II)I+0
j  MethodsExercises.main([Ljava/lang/String;)V+30
v  ~StubRoutines::call_stub
V  [libjvm.dylib+0x3b1880]  JavaCalls::call_helper(JavaValue*, methodHandle const&, JavaCallArguments*, Thread*)+0x21a
V  [libjvm.dylib+0x3f65ba]  jni_invoke_static(JNIEnv_*, JavaValue*, _jobject*, JNICallType, _jmethodID*, JNI_ArgumentPusher*, Thread*)+0x10a
V  [libjvm.dylib+0x3f9daa]  jni_CallStaticVoidMethod+0x1d2
C  [libjli.dylib+0x4b29]  JavaMain+0xab0
C  [libsystem_pthread.dylib+0x6950]  _pthread_start+0xe0
C  [libsystem_pthread.dylib+0x247b]  thread_start+0xf


siginfo: si_signo: 8 (SIGFPE), si_code: 5 (FPE_FLTINV), si_addr: 0x00000001192a7188

Register to memory mapping:

RAX=0x000000000000000a is an unknown value
RBX=0x000000000000006c is an unknown value
RCX=0x0 is NULL
RDX=0x0 is NULL
RSP=0x0000000308c48a30 is pointing into the stack for thread: 0x00007fad5e014000
RBP=0x0000000308c48a78 is pointing into the stack for thread: 0x00007fad5e014000
RSI=0x0 is NULL
RDI=0x00007fad5e014000 is a thread
R8 =0x00007fad5e014000 is a thread
R9 =0x0 is NULL
R10=0x000000010f1d5220: _ZN19TemplateInterpreter13_active_tableE+0x2000 in /Library/Java/JavaVirtualMachines/adoptopenjdk-11.jdk/Contents/Home/lib/server/libjvm.dylib at 0x000000010e800000
R11=0x0000000308c485d8 is pointing into the stack for thread: 0x00007fad5e014000
R12=0x0 is NULL
R13=0x000000012f53c32c is pointing into metadata
R14=0x0000000308c48a90 is pointing into the stack for thread: 0x00007fad5e014000
R15=0x00007fad5e014000 is a thread


Registers:
RAX=0x000000000000000a, RBX=0x000000000000006c, RCX=0x0000000000000000, RDX=0x0000000000000000
RSP=0x0000000308c48a30, RBP=0x0000000308c48a78, RSI=0x0000000000000000, RDI=0x00007fad5e014000
R8 =0x00007fad5e014000, R9 =0x0000000000000000, R10=0x000000010f1d5220, R11=0x0000000308c485d8
R12=0x0000000000000000, R13=0x000000012f53c32c, R14=0x0000000308c48a90, R15=0x00007fad5e014000
RIP=0x00000001192a7188, EFLAGS=0x0000000000000a87, ERR=0x0000000000000000
  TRAPNO=0x0000000000000000

Top of Stack: (sp=0x0000000308c48a30)
0x0000000308c48a30:   0000000308c48a30 000000012f53c328
0x0000000308c48a40:   0000000308c48a90 000000012f6a0110
0x0000000308c48a50:   0000000000000000 0000000787ee46a8
0x0000000308c48a60:   000000012f53c350 0000000000000000
0x0000000308c48a70:   0000000308c48a88 0000000308c48ae8
0x0000000308c48a80:   000000011929c600 0000000000000005
0x0000000308c48a90:   000000000000000a 0000000787f103d0
0x0000000308c48aa0:   0000000308c48aa0 000000012f53c0ee
0x0000000308c48ab0:   0000000308c48af8 000000012f6a0110
0x0000000308c48ac0:   0000000000000000 0000000787ee46a8
0x0000000308c48ad0:   000000012f53c128 0000000308c48a88
0x0000000308c48ae0:   0000000308c48af8 0000000308c48b60
0x0000000308c48af0:   0000000119293847 0000000787ee5670
0x0000000308c48b00:   0000000300001fa0 0000000308c48ce0
0x0000000308c48b10:   0000000308c48e98 000000012f53c128
0x0000000308c48b20:   00007fad5e014000 0000000000000001
0x0000000308c48b30:   0000000308c48bc0 0000000308c48ea0
0x0000000308c48b40:   000000030000000a 000000012f53c128
0x0000000308c48b50:   00000001192a0dc0 0000000308c48ce8
0x0000000308c48b60:   0000000308c48c50 000000010ebb1880
0x0000000308c48b70:   0000000000000001 00007fad5e014000
0x0000000308c48b80:   0000000000000000 00007fad5e014000
0x0000000308c48b90:   00007fad5ce0c840 00007fad5ce0c920
0x0000000308c48ba0:   00007fad5ce0c930 00007fad5ce0ca08
0x0000000308c48bb0:   00000000000000d8 00007fad5ce0c8a0
0x0000000308c48bc0:   00007fad5e014000 00007fad5ce0d8f0
0x0000000308c48bd0:   000000012f53c128 0000000000000000
0x0000000308c48be0:   0000000000000000 0000000000000000
0x0000000308c48bf0:   0000000000000000 0000000308c48e98
0x0000000308c48c00:   00000001192937bf 00000001192a0dc0
0x0000000308c48c10:   0000000a08c48c30 0000000308c48ea0
0x0000000308c48c20:   0000000308c48c50 00007fad5e014000 

Instructions: (pc=0x00000001192a7188)
0x00000001192a7088:   b0 1f ff 0e 01 00 00 00 6a 00 00 00 00 00 00 00
0x00000001192a7098:   00 00 00 00 00 00 00 00 f3 0f 10 04 24 48 83 c4
0x00000001192a70a8:   08 f3 0f 59 04 24 48 83 c4 08 41 0f b6 5d 01 49
0x00000001192a70b8:   ff c5 49 ba 20 62 1d 0f 01 00 00 00 41 ff 24 da
0x00000001192a70c8:   00 00 00 00 00 00 00 00 00 00 00 00 00 00 00 00
0x00000001192a70d8:   00 00 00 00 00 00 00 00 60 00 00 00 00 00 00 00
0x00000001192a70e8:   b5 1f ff 0e 01 00 00 00 6b 00 00 00 00 00 00 00
0x00000001192a70f8:   00 00 00 00 00 00 00 00 f2 0f 10 04 24 48 83 c4
0x00000001192a7108:   10 f2 0f 59 04 24 48 83 c4 10 41 0f b6 5d 01 49
0x00000001192a7118:   ff c5 49 ba 20 6a 1d 0f 01 00 00 00 41 ff 24 da
0x00000001192a7128:   00 00 00 00 00 00 00 00 00 00 00 00 00 00 00 00
0x00000001192a7138:   00 00 00 00 00 00 00 00 60 00 00 00 00 00 00 00
0x00000001192a7148:   ba 1f ff 0e 01 00 00 00 6c 00 00 00 00 00 00 00
0x00000001192a7158:   00 00 00 00 00 00 00 00 8b 04 24 48 83 c4 08 8b
0x00000001192a7168:   c8 8b 04 24 48 83 c4 08 81 f8 00 00 00 80 0f 85
0x00000001192a7178:   0b 00 00 00 33 d2 83 f9 ff 0f 84 03 00 00 00 99
0x00000001192a7188:   f7 f9 41 0f b6 5d 01 49 ff c5 49 ba 20 52 1d 0f
0x00000001192a7198:   01 00 00 00 41 ff 24 da 80 00 00 00 00 00 00 00
0x00000001192a71a8:   bf 1f ff 0e 01 00 00 00 6d 00 00 00 00 00 00 00
0x00000001192a71b8:   00 00 00 00 00 00 00 00 48 8b 04 24 48 83 c4 10
0x00000001192a71c8:   48 8b c8 48 8b 04 24 48 83 c4 10 48 85 c9 0f 84
0x00000001192a71d8:   d3 98 ff ff 48 3b 05 5d 79 dc f5 0f 85 0c 00 00
0x00000001192a71e8:   00 33 d2 48 83 f9 ff 0f 84 05 00 00 00 48 99 48
0x00000001192a71f8:   f7 f9 41 0f b6 5d 01 49 ff c5 49 ba 20 5a 1d 0f
0x00000001192a7208:   01 00 00 00 41 ff 24 da 00 00 00 00 00 00 00 00
0x00000001192a7218:   00 00 00 00 00 00 00 00 60 00 00 00 00 00 00 00
0x00000001192a7228:   c4 1f ff 0e 01 00 00 00 6e 00 00 00 00 00 00 00
0x00000001192a7238:   00 00 00 00 00 00 00 00 f3 0f 10 04 24 48 83 c4
0x00000001192a7248:   08 0f 28 c8 f3 0f 10 04 24 48 83 c4 08 f3 0f 5e
0x00000001192a7258:   c1 41 0f b6 5d 01 49 ff c5 49 ba 20 62 1d 0f 01
0x00000001192a7268:   00 00 00 41 ff 24 da 90 00 00 00 00 00 00 00 00
0x00000001192a7278:   00 00 00 00 00 00 00 00 60 00 00 00 00 00 00 00 


Stack slot to memory mapping:
stack at sp + 0 slots: 0x0000000308c48a30 is pointing into the stack for thread: 0x00007fad5e014000
stack at sp + 1 slots: 0x000000012f53c328 is pointing into metadata
stack at sp + 2 slots: 0x0000000308c48a90 is pointing into the stack for thread: 0x00007fad5e014000
stack at sp + 3 slots: 0x000000012f6a0110 is pointing into metadata
stack at sp + 4 slots: 0x0 is NULL
stack at sp + 5 slots: 0x0000000787ee46a8 is an oop: java.lang.Class 
{0x0000000787ee46a8} - klass: 'java/lang/Class'
stack at sp + 6 slots: {method} {0x000000012f53c350} 'multiplication' '(II)I' in 'MethodsExercises'
stack at sp + 7 slots: 0x0 is NULL

idiv  108 idiv  [0x00000001192a7160, 0x00000001192a71a0]  64 bytes

---------------  P R O C E S S  ---------------

Threads class SMR info:
_java_thread_list=0x00007fad5cc5b8b0, length=10, elements={
0x00007fad5e014000, 0x00007fad5e040000, 0x00007fad5d812800, 0x00007fad5e04a000,
0x00007fad5e041000, 0x00007fad5e04d000, 0x00007fad5e04d800, 0x00007fad5d825800,
0x00007fad5e10f000, 0x00007fad5e110000
}

Java Threads: ( => current thread )
=>0x00007fad5e014000 JavaThread "main" [_thread_in_Java, id=6403, stack(0x0000000308b49000,0x0000000308c49000)]
  0x00007fad5e040000 JavaThread "Reference Handler" daemon [_thread_blocked, id=17155, stack(0x000000030925e000,0x000000030935e000)]
  0x00007fad5d812800 JavaThread "Finalizer" daemon [_thread_blocked, id=16387, stack(0x0000000309361000,0x0000000309461000)]
  0x00007fad5e04a000 JavaThread "Signal Dispatcher" daemon [_thread_blocked, id=23303, stack(0x0000000309573000,0x0000000309673000)]
  0x00007fad5e041000 JavaThread "C2 CompilerThread0" daemon [_thread_blocked, id=24067, stack(0x0000000309676000,0x0000000309776000)]
  0x00007fad5e04d000 JavaThread "C1 CompilerThread0" daemon [_thread_blocked, id=39683, stack(0x0000000309779000,0x0000000309879000)]
  0x00007fad5e04d800 JavaThread "Sweeper thread" daemon [_thread_blocked, id=39171, stack(0x000000030987c000,0x000000030997c000)]
  0x00007fad5d825800 JavaThread "Common-Cleaner" daemon [_thread_blocked, id=37891, stack(0x000000030997f000,0x0000000309a7f000)]
  0x00007fad5e10f000 JavaThread "Monitor Ctrl-Break" daemon [_thread_in_Java, id=37123, stack(0x0000000309a82000,0x0000000309b82000)]
  0x00007fad5e110000 JavaThread "Service Thread" daemon [_thread_blocked, id=25859, stack(0x0000000309b85000,0x0000000309c85000)]

Other Threads:
  0x00007fad5d0cf000 VMThread "VM Thread" [stack: 0x000000030915b000,0x000000030925b000] [id=17923]
  0x00007fad5d0d5000 WatcherThread [stack: 0x0000000309c88000,0x0000000309d88000] [id=36183]
  0x00007fad5d810000 GCTaskThread "GC Thread#0" [stack: 0x0000000308c4c000,0x0000000308d4c000] [id=12803]
  0x00007fad5e038800 ConcurrentGCThread "G1 Main Marker" [stack: 0x0000000308d4f000,0x0000000308e4f000] [id=19203]
  0x00007fad5d017000 ConcurrentGCThread "G1 Conc#0" [stack: 0x0000000308e52000,0x0000000308f52000] [id=14083]
  0x00007fad5d078000 ConcurrentGCThread "G1 Refine#0" [stack: 0x0000000308f55000,0x0000000309055000] [id=14339]
  0x00007fad5d078800 ConcurrentGCThread "G1 Young RemSet Sampling" [stack: 0x0000000309058000,0x0000000309158000] [id=18691]

Threads with active compile tasks:

VM state:not at safepoint (normal execution)

VM Mutex/Monitor currently owned by a thread: None

Heap address: 0x0000000780000000, size: 2048 MB, Compressed Oops mode: Zero based, Oop shift amount: 3
Narrow klass base: 0x0000000800000000, Narrow klass shift: 0
Compressed class space size: 1073741824 Address: 0x0000000800000000

Heap:
 garbage-first heap   total 131072K, used 1024K [0x0000000780000000, 0x0000000800000000)
  region size 1024K, 2 young (2048K), 0 survivors (0K)
 Metaspace       used 6272K, capacity 6383K, committed 6528K, reserved 1056768K
  class space    used 543K, capacity 570K, committed 640K, reserved 1048576K
Heap Regions: E=young(eden), S=young(survivor), O=old, HS=humongous(starts), HC=humongous(continues), CS=collection set, F=free, A=archive, TAMS=top-at-mark-start (previous, next)
|   0|0x0000000780000000, 0x0000000780000000, 0x0000000780100000|  0%| F|  |TAMS 0x0000000780000000, 0x0000000780000000| Untracked 
|   1|0x0000000780100000, 0x0000000780100000, 0x0000000780200000|  0%| F|  |TAMS 0x0000000780100000, 0x0000000780100000| Untracked 
|   2|0x0000000780200000, 0x0000000780200000, 0x0000000780300000|  0%| F|  |TAMS 0x0000000780200000, 0x0000000780200000| Untracked 
|   3|0x0000000780300000, 0x0000000780300000, 0x0000000780400000|  0%| F|  |TAMS 0x0000000780300000, 0x0000000780300000| Untracked 
|   4|0x0000000780400000, 0x0000000780400000, 0x0000000780500000|  0%| F|  |TAMS 0x0000000780400000, 0x0000000780400000| Untracked 
|   5|0x0000000780500000, 0x0000000780500000, 0x0000000780600000|  0%| F|  |TAMS 0x0000000780500000, 0x0000000780500000| Untracked 
|   6|0x0000000780600000, 0x0000000780600000, 0x0000000780700000|  0%| F|  |TAMS 0x0000000780600000, 0x0000000780600000| Untracked 
|   7|0x0000000780700000, 0x0000000780700000, 0x0000000780800000|  0%| F|  |TAMS 0x0000000780700000, 0x0000000780700000| Untracked 
|   8|0x0000000780800000, 0x0000000780800000, 0x0000000780900000|  0%| F|  |TAMS 0x0000000780800000, 0x0000000780800000| Untracked 
|   9|0x0000000780900000, 0x0000000780900000, 0x0000000780a00000|  0%| F|  |TAMS 0x0000000780900000, 0x0000000780900000| Untracked 
|  10|0x0000000780a00000, 0x0000000780a00000, 0x0000000780b00000|  0%| F|  |TAMS 0x0000000780a00000, 0x0000000780a00000| Untracked 
|  11|0x0000000780b00000, 0x0000000780b00000, 0x0000000780c00000|  0%| F|  |TAMS 0x0000000780b00000, 0x0000000780b00000| Untracked 
|  12|0x0000000780c00000, 0x0000000780c00000, 0x0000000780d00000|  0%| F|  |TAMS 0x0000000780c00000, 0x0000000780c00000| Untracked 
|  13|0x0000000780d00000, 0x0000000780d00000, 0x0000000780e00000|  0%| F|  |TAMS 0x0000000780d00000, 0x0000000780d00000| Untracked 
|  14|0x0000000780e00000, 0x0000000780e00000, 0x0000000780f00000|  0%| F|  |TAMS 0x0000000780e00000, 0x0000000780e00000| Untracked 
|  15|0x0000000780f00000, 0x0000000780f00000, 0x0000000781000000|  0%| F|  |TAMS 0x0000000780f00000, 0x0000000780f00000| Untracked 
|  16|0x0000000781000000, 0x0000000781000000, 0x0000000781100000|  0%| F|  |TAMS 0x0000000781000000, 0x0000000781000000| Untracked 
|  17|0x0000000781100000, 0x0000000781100000, 0x0000000781200000|  0%| F|  |TAMS 0x0000000781100000, 0x0000000781100000| Untracked 
|  18|0x0000000781200000, 0x0000000781200000, 0x0000000781300000|  0%| F|  |TAMS 0x0000000781200000, 0x0000000781200000| Untracked 
|  19|0x0000000781300000, 0x0000000781300000, 0x0000000781400000|  0%| F|  |TAMS 0x0000000781300000, 0x0000000781300000| Untracked 
|  20|0x0000000781400000, 0x0000000781400000, 0x0000000781500000|  0%| F|  |TAMS 0x0000000781400000, 0x0000000781400000| Untracked 
|  21|0x0000000781500000, 0x0000000781500000, 0x0000000781600000|  0%| F|  |TAMS 0x0000000781500000, 0x0000000781500000| Untracked 
|  22|0x0000000781600000, 0x0000000781600000, 0x0000000781700000|  0%| F|  |TAMS 0x0000000781600000, 0x0000000781600000| Untracked 
|  23|0x0000000781700000, 0x0000000781700000, 0x0000000781800000|  0%| F|  |TAMS 0x0000000781700000, 0x0000000781700000| Untracked 
|  24|0x0000000781800000, 0x0000000781800000, 0x0000000781900000|  0%| F|  |TAMS 0x0000000781800000, 0x0000000781800000| Untracked 
|  25|0x0000000781900000, 0x0000000781900000, 0x0000000781a00000|  0%| F|  |TAMS 0x0000000781900000, 0x0000000781900000| Untracked 
|  26|0x0000000781a00000, 0x0000000781a00000, 0x0000000781b00000|  0%| F|  |TAMS 0x0000000781a00000, 0x0000000781a00000| Untracked 
|  27|0x0000000781b00000, 0x0000000781b00000, 0x0000000781c00000|  0%| F|  |TAMS 0x0000000781b00000, 0x0000000781b00000| Untracked 
|  28|0x0000000781c00000, 0x0000000781c00000, 0x0000000781d00000|  0%| F|  |TAMS 0x0000000781c00000, 0x0000000781c00000| Untracked 
|  29|0x0000000781d00000, 0x0000000781d00000, 0x0000000781e00000|  0%| F|  |TAMS 0x0000000781d00000, 0x0000000781d00000| Untracked 
|  30|0x0000000781e00000, 0x0000000781e00000, 0x0000000781f00000|  0%| F|  |TAMS 0x0000000781e00000, 0x0000000781e00000| Untracked 
|  31|0x0000000781f00000, 0x0000000781f00000, 0x0000000782000000|  0%| F|  |TAMS 0x0000000781f00000, 0x0000000781f00000| Untracked 
|  32|0x0000000782000000, 0x0000000782000000, 0x0000000782100000|  0%| F|  |TAMS 0x0000000782000000, 0x0000000782000000| Untracked 
|  33|0x0000000782100000, 0x0000000782100000, 0x0000000782200000|  0%| F|  |TAMS 0x0000000782100000, 0x0000000782100000| Untracked 
|  34|0x0000000782200000, 0x0000000782200000, 0x0000000782300000|  0%| F|  |TAMS 0x0000000782200000, 0x0000000782200000| Untracked 
|  35|0x0000000782300000, 0x0000000782300000, 0x0000000782400000|  0%| F|  |TAMS 0x0000000782300000, 0x0000000782300000| Untracked 
|  36|0x0000000782400000, 0x0000000782400000, 0x0000000782500000|  0%| F|  |TAMS 0x0000000782400000, 0x0000000782400000| Untracked 
|  37|0x0000000782500000, 0x0000000782500000, 0x0000000782600000|  0%| F|  |TAMS 0x0000000782500000, 0x0000000782500000| Untracked 
|  38|0x0000000782600000, 0x0000000782600000, 0x0000000782700000|  0%| F|  |TAMS 0x0000000782600000, 0x0000000782600000| Untracked 
|  39|0x0000000782700000, 0x0000000782700000, 0x0000000782800000|  0%| F|  |TAMS 0x0000000782700000, 0x0000000782700000| Untracked 
|  40|0x0000000782800000, 0x0000000782800000, 0x0000000782900000|  0%| F|  |TAMS 0x0000000782800000, 0x0000000782800000| Untracked 
|  41|0x0000000782900000, 0x0000000782900000, 0x0000000782a00000|  0%| F|  |TAMS 0x0000000782900000, 0x0000000782900000| Untracked 
|  42|0x0000000782a00000, 0x0000000782a00000, 0x0000000782b00000|  0%| F|  |TAMS 0x0000000782a00000, 0x0000000782a00000| Untracked 
|  43|0x0000000782b00000, 0x0000000782b00000, 0x0000000782c00000|  0%| F|  |TAMS 0x0000000782b00000, 0x0000000782b00000| Untracked 
|  44|0x0000000782c00000, 0x0000000782c00000, 0x0000000782d00000|  0%| F|  |TAMS 0x0000000782c00000, 0x0000000782c00000| Untracked 
|  45|0x0000000782d00000, 0x0000000782d00000, 0x0000000782e00000|  0%| F|  |TAMS 0x0000000782d00000, 0x0000000782d00000| Untracked 
|  46|0x0000000782e00000, 0x0000000782e00000, 0x0000000782f00000|  0%| F|  |TAMS 0x0000000782e00000, 0x0000000782e00000| Untracked 
|  47|0x0000000782f00000, 0x0000000782f00000, 0x0000000783000000|  0%| F|  |TAMS 0x0000000782f00000, 0x0000000782f00000| Untracked 
|  48|0x0000000783000000, 0x0000000783000000, 0x0000000783100000|  0%| F|  |TAMS 0x0000000783000000, 0x0000000783000000| Untracked 
|  49|0x0000000783100000, 0x0000000783100000, 0x0000000783200000|  0%| F|  |TAMS 0x0000000783100000, 0x0000000783100000| Untracked 
|  50|0x0000000783200000, 0x0000000783200000, 0x0000000783300000|  0%| F|  |TAMS 0x0000000783200000, 0x0000000783200000| Untracked 
|  51|0x0000000783300000, 0x0000000783300000, 0x0000000783400000|  0%| F|  |TAMS 0x0000000783300000, 0x0000000783300000| Untracked 
|  52|0x0000000783400000, 0x0000000783400000, 0x0000000783500000|  0%| F|  |TAMS 0x0000000783400000, 0x0000000783400000| Untracked 
|  53|0x0000000783500000, 0x0000000783500000, 0x0000000783600000|  0%| F|  |TAMS 0x0000000783500000, 0x0000000783500000| Untracked 
|  54|0x0000000783600000, 0x0000000783600000, 0x0000000783700000|  0%| F|  |TAMS 0x0000000783600000, 0x0000000783600000| Untracked 
|  55|0x0000000783700000, 0x0000000783700000, 0x0000000783800000|  0%| F|  |TAMS 0x0000000783700000, 0x0000000783700000| Untracked 
|  56|0x0000000783800000, 0x0000000783800000, 0x0000000783900000|  0%| F|  |TAMS 0x0000000783800000, 0x0000000783800000| Untracked 
|  57|0x0000000783900000, 0x0000000783900000, 0x0000000783a00000|  0%| F|  |TAMS 0x0000000783900000, 0x0000000783900000| Untracked 
|  58|0x0000000783a00000, 0x0000000783a00000, 0x0000000783b00000|  0%| F|  |TAMS 0x0000000783a00000, 0x0000000783a00000| Untracked 
|  59|0x0000000783b00000, 0x0000000783b00000, 0x0000000783c00000|  0%| F|  |TAMS 0x0000000783b00000, 0x0000000783b00000| Untracked 
|  60|0x0000000783c00000, 0x0000000783c00000, 0x0000000783d00000|  0%| F|  |TAMS 0x0000000783c00000, 0x0000000783c00000| Untracked 
|  61|0x0000000783d00000, 0x0000000783d00000, 0x0000000783e00000|  0%| F|  |TAMS 0x0000000783d00000, 0x0000000783d00000| Untracked 
|  62|0x0000000783e00000, 0x0000000783e00000, 0x0000000783f00000|  0%| F|  |TAMS 0x0000000783e00000, 0x0000000783e00000| Untracked 
|  63|0x0000000783f00000, 0x0000000783f00000, 0x0000000784000000|  0%| F|  |TAMS 0x0000000783f00000, 0x0000000783f00000| Untracked 
|  64|0x0000000784000000, 0x0000000784000000, 0x0000000784100000|  0%| F|  |TAMS 0x0000000784000000, 0x0000000784000000| Untracked 
|  65|0x0000000784100000, 0x0000000784100000, 0x0000000784200000|  0%| F|  |TAMS 0x0000000784100000, 0x0000000784100000| Untracked 
|  66|0x0000000784200000, 0x0000000784200000, 0x0000000784300000|  0%| F|  |TAMS 0x0000000784200000, 0x0000000784200000| Untracked 
|  67|0x0000000784300000, 0x0000000784300000, 0x0000000784400000|  0%| F|  |TAMS 0x0000000784300000, 0x0000000784300000| Untracked 
|  68|0x0000000784400000, 0x0000000784400000, 0x0000000784500000|  0%| F|  |TAMS 0x0000000784400000, 0x0000000784400000| Untracked 
|  69|0x0000000784500000, 0x0000000784500000, 0x0000000784600000|  0%| F|  |TAMS 0x0000000784500000, 0x0000000784500000| Untracked 
|  70|0x0000000784600000, 0x0000000784600000, 0x0000000784700000|  0%| F|  |TAMS 0x0000000784600000, 0x0000000784600000| Untracked 
|  71|0x0000000784700000, 0x0000000784700000, 0x0000000784800000|  0%| F|  |TAMS 0x0000000784700000, 0x0000000784700000| Untracked 
|  72|0x0000000784800000, 0x0000000784800000, 0x0000000784900000|  0%| F|  |TAMS 0x0000000784800000, 0x0000000784800000| Untracked 
|  73|0x0000000784900000, 0x0000000784900000, 0x0000000784a00000|  0%| F|  |TAMS 0x0000000784900000, 0x0000000784900000| Untracked 
|  74|0x0000000784a00000, 0x0000000784a00000, 0x0000000784b00000|  0%| F|  |TAMS 0x0000000784a00000, 0x0000000784a00000| Untracked 
|  75|0x0000000784b00000, 0x0000000784b00000, 0x0000000784c00000|  0%| F|  |TAMS 0x0000000784b00000, 0x0000000784b00000| Untracked 
|  76|0x0000000784c00000, 0x0000000784c00000, 0x0000000784d00000|  0%| F|  |TAMS 0x0000000784c00000, 0x0000000784c00000| Untracked 
|  77|0x0000000784d00000, 0x0000000784d00000, 0x0000000784e00000|  0%| F|  |TAMS 0x0000000784d00000, 0x0000000784d00000| Untracked 
|  78|0x0000000784e00000, 0x0000000784e00000, 0x0000000784f00000|  0%| F|  |TAMS 0x0000000784e00000, 0x0000000784e00000| Untracked 
|  79|0x0000000784f00000, 0x0000000784f00000, 0x0000000785000000|  0%| F|  |TAMS 0x0000000784f00000, 0x0000000784f00000| Untracked 
|  80|0x0000000785000000, 0x0000000785000000, 0x0000000785100000|  0%| F|  |TAMS 0x0000000785000000, 0x0000000785000000| Untracked 
|  81|0x0000000785100000, 0x0000000785100000, 0x0000000785200000|  0%| F|  |TAMS 0x0000000785100000, 0x0000000785100000| Untracked 
|  82|0x0000000785200000, 0x0000000785200000, 0x0000000785300000|  0%| F|  |TAMS 0x0000000785200000, 0x0000000785200000| Untracked 
|  83|0x0000000785300000, 0x0000000785300000, 0x0000000785400000|  0%| F|  |TAMS 0x0000000785300000, 0x0000000785300000| Untracked 
|  84|0x0000000785400000, 0x0000000785400000, 0x0000000785500000|  0%| F|  |TAMS 0x0000000785400000, 0x0000000785400000| Untracked 
|  85|0x0000000785500000, 0x0000000785500000, 0x0000000785600000|  0%| F|  |TAMS 0x0000000785500000, 0x0000000785500000| Untracked 
|  86|0x0000000785600000, 0x0000000785600000, 0x0000000785700000|  0%| F|  |TAMS 0x0000000785600000, 0x0000000785600000| Untracked 
|  87|0x0000000785700000, 0x0000000785700000, 0x0000000785800000|  0%| F|  |TAMS 0x0000000785700000, 0x0000000785700000| Untracked 
|  88|0x0000000785800000, 0x0000000785800000, 0x0000000785900000|  0%| F|  |TAMS 0x0000000785800000, 0x0000000785800000| Untracked 
|  89|0x0000000785900000, 0x0000000785900000, 0x0000000785a00000|  0%| F|  |TAMS 0x0000000785900000, 0x0000000785900000| Untracked 
|  90|0x0000000785a00000, 0x0000000785a00000, 0x0000000785b00000|  0%| F|  |TAMS 0x0000000785a00000, 0x0000000785a00000| Untracked 
|  91|0x0000000785b00000, 0x0000000785b00000, 0x0000000785c00000|  0%| F|  |TAMS 0x0000000785b00000, 0x0000000785b00000| Untracked 
|  92|0x0000000785c00000, 0x0000000785c00000, 0x0000000785d00000|  0%| F|  |TAMS 0x0000000785c00000, 0x0000000785c00000| Untracked 
|  93|0x0000000785d00000, 0x0000000785d00000, 0x0000000785e00000|  0%| F|  |TAMS 0x0000000785d00000, 0x0000000785d00000| Untracked 
|  94|0x0000000785e00000, 0x0000000785e00000, 0x0000000785f00000|  0%| F|  |TAMS 0x0000000785e00000, 0x0000000785e00000| Untracked 
|  95|0x0000000785f00000, 0x0000000785f00000, 0x0000000786000000|  0%| F|  |TAMS 0x0000000785f00000, 0x0000000785f00000| Untracked 
|  96|0x0000000786000000, 0x0000000786000000, 0x0000000786100000|  0%| F|  |TAMS 0x0000000786000000, 0x0000000786000000| Untracked 
|  97|0x0000000786100000, 0x0000000786100000, 0x0000000786200000|  0%| F|  |TAMS 0x0000000786100000, 0x0000000786100000| Untracked 
|  98|0x0000000786200000, 0x0000000786200000, 0x0000000786300000|  0%| F|  |TAMS 0x0000000786200000, 0x0000000786200000| Untracked 
|  99|0x0000000786300000, 0x0000000786300000, 0x0000000786400000|  0%| F|  |TAMS 0x0000000786300000, 0x0000000786300000| Untracked 
| 100|0x0000000786400000, 0x0000000786400000, 0x0000000786500000|  0%| F|  |TAMS 0x0000000786400000, 0x0000000786400000| Untracked 
| 101|0x0000000786500000, 0x0000000786500000, 0x0000000786600000|  0%| F|  |TAMS 0x0000000786500000, 0x0000000786500000| Untracked 
| 102|0x0000000786600000, 0x0000000786600000, 0x0000000786700000|  0%| F|  |TAMS 0x0000000786600000, 0x0000000786600000| Untracked 
| 103|0x0000000786700000, 0x0000000786700000, 0x0000000786800000|  0%| F|  |TAMS 0x0000000786700000, 0x0000000786700000| Untracked 
| 104|0x0000000786800000, 0x0000000786800000, 0x0000000786900000|  0%| F|  |TAMS 0x0000000786800000, 0x0000000786800000| Untracked 
| 105|0x0000000786900000, 0x0000000786900000, 0x0000000786a00000|  0%| F|  |TAMS 0x0000000786900000, 0x0000000786900000| Untracked 
| 106|0x0000000786a00000, 0x0000000786a00000, 0x0000000786b00000|  0%| F|  |TAMS 0x0000000786a00000, 0x0000000786a00000| Untracked 
| 107|0x0000000786b00000, 0x0000000786b00000, 0x0000000786c00000|  0%| F|  |TAMS 0x0000000786b00000, 0x0000000786b00000| Untracked 
| 108|0x0000000786c00000, 0x0000000786c00000, 0x0000000786d00000|  0%| F|  |TAMS 0x0000000786c00000, 0x0000000786c00000| Untracked 
| 109|0x0000000786d00000, 0x0000000786d00000, 0x0000000786e00000|  0%| F|  |TAMS 0x0000000786d00000, 0x0000000786d00000| Untracked 
| 110|0x0000000786e00000, 0x0000000786e00000, 0x0000000786f00000|  0%| F|  |TAMS 0x0000000786e00000, 0x0000000786e00000| Untracked 
| 111|0x0000000786f00000, 0x0000000786f00000, 0x0000000787000000|  0%| F|  |TAMS 0x0000000786f00000, 0x0000000786f00000| Untracked 
| 112|0x0000000787000000, 0x0000000787000000, 0x0000000787100000|  0%| F|  |TAMS 0x0000000787000000, 0x0000000787000000| Untracked 
| 113|0x0000000787100000, 0x0000000787100000, 0x0000000787200000|  0%| F|  |TAMS 0x0000000787100000, 0x0000000787100000| Untracked 
| 114|0x0000000787200000, 0x0000000787200000, 0x0000000787300000|  0%| F|  |TAMS 0x0000000787200000, 0x0000000787200000| Untracked 
| 115|0x0000000787300000, 0x0000000787300000, 0x0000000787400000|  0%| F|  |TAMS 0x0000000787300000, 0x0000000787300000| Untracked 
| 116|0x0000000787400000, 0x0000000787400000, 0x0000000787500000|  0%| F|  |TAMS 0x0000000787400000, 0x0000000787400000| Untracked 
| 117|0x0000000787500000, 0x0000000787500000, 0x0000000787600000|  0%| F|  |TAMS 0x0000000787500000, 0x0000000787500000| Untracked 
| 118|0x0000000787600000, 0x0000000787600000, 0x0000000787700000|  0%| F|  |TAMS 0x0000000787600000, 0x0000000787600000| Untracked 
| 119|0x0000000787700000, 0x0000000787700000, 0x0000000787800000|  0%| F|  |TAMS 0x0000000787700000, 0x0000000787700000| Untracked 
| 120|0x0000000787800000, 0x0000000787800000, 0x0000000787900000|  0%| F|  |TAMS 0x0000000787800000, 0x0000000787800000| Untracked 
| 121|0x0000000787900000, 0x0000000787900000, 0x0000000787a00000|  0%| F|  |TAMS 0x0000000787900000, 0x0000000787900000| Untracked 
| 122|0x0000000787a00000, 0x0000000787a00000, 0x0000000787b00000|  0%| F|  |TAMS 0x0000000787a00000, 0x0000000787a00000| Untracked 
| 123|0x0000000787b00000, 0x0000000787b00000, 0x0000000787c00000|  0%| F|  |TAMS 0x0000000787b00000, 0x0000000787b00000| Untracked 
| 124|0x0000000787c00000, 0x0000000787c00000, 0x0000000787d00000|  0%| F|  |TAMS 0x0000000787c00000, 0x0000000787c00000| Untracked 
| 125|0x0000000787d00000, 0x0000000787d7b648, 0x0000000787e00000| 48%| E|  |TAMS 0x0000000787d00000, 0x0000000787d00000| Complete 
| 126|0x0000000787e00000, 0x0000000787f00000, 0x0000000787f00000|100%| E|CS|TAMS 0x0000000787e00000, 0x0000000787e00000| Complete 
| 127|0x0000000787f00000, 0x0000000788000000, 0x0000000788000000|100%| E|CS|TAMS 0x0000000787f00000, 0x0000000787f00000| Complete 

Card table byte_map: [0x000000012887f000,0x0000000128c7f000] _byte_map_base: 0x0000000124c7f000

Marking Bits (Prev, Next): (CMBitMap*) 0x00007fad5e02fc18, (CMBitMap*) 0x00007fad5e02fc50
 Prev Bits: [0x000000012907f000, 0x000000012b07f000)
 Next Bits: [0x000000012b07f000, 0x000000012d07f000)

Polling page: 0x00000001024e7000

Metaspace:

Usage:
  Non-class:      5.68 MB capacity,     5.60 MB ( 99%) used,    80.17 KB (  1%) free+waste,     3.62 KB ( <1%) overhead. 
      Class:    571.00 KB capacity,   543.94 KB ( 95%) used,    25.38 KB (  4%) free+waste,     1.69 KB ( <1%) overhead. 
       Both:      6.24 MB capacity,     6.13 MB ( 98%) used,   105.55 KB (  2%) free+waste,     5.31 KB ( <1%) overhead. 

Virtual space:
  Non-class space:        8.00 MB reserved,       5.75 MB ( 72%) committed 
      Class space:        1.00 GB reserved,     640.00 KB ( <1%) committed 
             Both:        1.01 GB reserved,       6.38 MB ( <1%) committed 

Chunk freelists:
   Non-Class:  25.00 KB
       Class:  5.00 KB
        Both:  30.00 KB

MaxMetaspaceSize: unlimited
CompressedClassSpaceSize: 1.00 GB

CodeHeap 'non-profiled nmethods': size=120032Kb used=56Kb max_used=56Kb free=119975Kb
 bounds [0x0000000120d5b000, 0x0000000120fcb000, 0x0000000128293000]
CodeHeap 'profiled nmethods': size=120028Kb used=226Kb max_used=226Kb free=119801Kb
 bounds [0x0000000119824000, 0x0000000119a94000, 0x0000000120d5b000]
CodeHeap 'non-nmethods': size=5700Kb used=1028Kb max_used=1028Kb free=4671Kb
 bounds [0x0000000119293000, 0x0000000119503000, 0x0000000119824000]
 total_blobs=525 nmethods=197 adapters=242
 compilation: enabled
              stopped_count=0, restarted_count=0
 full_count=0

Compilation events (20 events):
Event: 0.205 Thread 0x00007fad5e04d000  181       3       java.lang.ref.WeakReference::<init> (6 bytes)
Event: 0.205 Thread 0x00007fad5e04d000 nmethod 181 0x0000000119857490 code [0x0000000119857660, 0x0000000119857970]
Event: 0.205 Thread 0x00007fad5e04d000  182       3       java.lang.invoke.MethodType::<init> (15 bytes)
Event: 0.205 Thread 0x00007fad5e04d000 nmethod 182 0x0000000119857a90 code [0x0000000119857c40, 0x0000000119857e50]
Event: 0.205 Thread 0x00007fad5e04d000  183       1       java.lang.invoke.MethodType::form (5 bytes)
Event: 0.205 Thread 0x00007fad5e04d000 nmethod 183 0x0000000120d68390 code [0x0000000120d68540, 0x0000000120d685f0]
Event: 0.206 Thread 0x00007fad5e04d000  184       3       java.util.zip.ZipUtils::SH (21 bytes)
Event: 0.206 Thread 0x00007fad5e04d000 nmethod 184 0x0000000119857f10 code [0x00000001198580c0, 0x00000001198581f0]
Event: 0.211 Thread 0x00007fad5e04d000  185       3       java.lang.StringBuilder::append (8 bytes)
Event: 0.211 Thread 0x00007fad5e04d000 nmethod 185 0x0000000119858310 code [0x00000001198584c0, 0x0000000119858600]
Event: 0.211 Thread 0x00007fad5e04d000  186       3       java.lang.AbstractStringBuilder::append (77 bytes)
Event: 0.212 Thread 0x00007fad5e04d000 nmethod 186 0x0000000119858690 code [0x00000001198588c0, 0x0000000119858f40]
Event: 0.212 Thread 0x00007fad5e04d000  187       3       java.lang.String::substring (58 bytes)
Event: 0.212 Thread 0x00007fad5e04d000 nmethod 187 0x0000000119859190 code [0x00000001198593c0, 0x0000000119859a60]
Event: 0.212 Thread 0x00007fad5e04d000  188       3       java.lang.String::checkBoundsBeginEnd (60 bytes)
Event: 0.213 Thread 0x00007fad5e04d000 nmethod 188 0x0000000119859c90 code [0x0000000119859f60, 0x000000011985aa90]
Event: 0.214 Thread 0x00007fad5e04d000  189       3       java.lang.StringLatin1::lastIndexOf (40 bytes)
Event: 0.214 Thread 0x00007fad5e04d000 nmethod 189 0x000000011985ae90 code [0x000000011985b060, 0x000000011985b410]
Event: 0.215 Thread 0x00007fad5e04d000  190       3       java.lang.System::getSecurityManager (4 bytes)
Event: 0.216 Thread 0x00007fad5e04d000 nmethod 190 0x000000011985b590 code [0x000000011985b740, 0x000000011985b830]

GC Heap History (0 events):
No events

Deoptimization events (0 events):
No events

Classes redefined (0 events):
No events

Internal exceptions (0 events):
No events

Events (20 events):
Event: 0.220 loading class java/util/SortedSet
Event: 0.221 loading class java/io/FileInputStream$1
Event: 0.221 loading class java/io/FileInputStream$1 done
Event: 0.221 loading class java/util/SortedSet done
Event: 0.221 loading class java/util/NavigableSet done
Event: 0.221 loading class java/util/concurrent/ConcurrentSkipListSet done
Event: 0.221 loading class java/util/concurrent/ConcurrentSkipListMap
Event: 0.221 loading class java/util/concurrent/ConcurrentNavigableMap
Event: 0.221 loading class java/util/NavigableMap
Event: 0.221 loading class java/util/SortedMap
Event: 0.221 loading class java/util/SortedMap done
Event: 0.221 loading class java/util/NavigableMap done
Event: 0.221 loading class java/util/concurrent/ConcurrentNavigableMap done
Event: 0.221 loading class java/util/concurrent/ConcurrentSkipListMap done
Event: 0.221 loading class java/util/concurrent/ConcurrentSkipListMap$Index
Event: 0.221 loading class java/util/concurrent/ConcurrentSkipListMap$Index done
Event: 0.221 loading class java/lang/invoke/VarHandleObjects$FieldInstanceReadWrite
Event: 0.221 loading class java/lang/invoke/VarHandleObjects$FieldInstanceReadOnly
Event: 0.221 loading class java/lang/invoke/VarHandleObjects$FieldInstanceReadOnly done
Event: 0.222 loading class java/lang/invoke/VarHandleObjects$FieldInstanceReadWrite done


Dynamic libraries:
0x00007ffdfff76000 	/Library/Apple/usr/libexec/oah/runtime
0x00007fff3525c000 	/System/Library/Frameworks/Cocoa.framework/Versions/A/Cocoa
0x00007fff22194000 	/System/Library/Frameworks/Security.framework/Versions/A/Security
0x00007fff334ab000 	/System/Library/Frameworks/ApplicationServices.framework/Versions/A/ApplicationServices
0x00007fff2a624000 	/usr/lib/libz.1.dylib
0x000000010a78b000 	/Library/Java/JavaVirtualMachines/adoptopenjdk-11.jdk/Contents/Home/lib/jli/libjli.dylib
0x00007fff2a6f0000 	/usr/lib/libSystem.B.dylib
0x00007fff22bb8000 	/System/Library/Frameworks/AppKit.framework/Versions/C/AppKit
0x00007fff25a67000 	/System/Library/Frameworks/CoreData.framework/Versions/A/CoreData
0x00007fff21108000 	/System/Library/Frameworks/Foundation.framework/Versions/C/Foundation
0x00007fff23915000 	/System/Library/PrivateFrameworks/UIFoundation.framework/Versions/A/UIFoundation
0x00007fff2fe8e000 	/System/Library/PrivateFrameworks/RemoteViewServices.framework/Versions/A/RemoteViewServices
0x00007fff28c40000 	/System/Library/PrivateFrameworks/XCTTargetBootstrap.framework/Versions/A/XCTTargetBootstrap
0x00007fff2b98d000 	/usr/lib/libspindump.dylib
0x00007fff23b69000 	/System/Library/Frameworks/UniformTypeIdentifiers.framework/Versions/A/UniformTypeIdentifiers
0x00007fff27412000 	/usr/lib/libapp_launch_measurement.dylib
0x00007fff27415000 	/System/Library/PrivateFrameworks/CoreAutoLayout.framework/Versions/A/CoreAutoLayout
0x00007fff285a1000 	/System/Library/Frameworks/Metal.framework/Versions/A/Metal
0x00007fff29296000 	/usr/lib/liblangid.dylib
0x00007fff28c44000 	/System/Library/PrivateFrameworks/CoreSVG.framework/Versions/A/CoreSVG
0x00007fff24b50000 	/System/Library/PrivateFrameworks/SkyLight.framework/Versions/A/SkyLight
0x00007fff24eaf000 	/System/Library/Frameworks/CoreGraphics.framework/Versions/A/CoreGraphics
0x00007fff304e5000 	/System/Library/Frameworks/Accelerate.framework/Versions/A/Accelerate
0x00007fff2b3c8000 	/System/Library/PrivateFrameworks/IconServices.framework/Versions/A/IconServices
0x00007fff28582000 	/System/Library/Frameworks/IOSurface.framework/Versions/A/IOSurface
0x00007fff263f9000 	/usr/lib/libDiagnosticMessagesClient.dylib
0x00007fff28c2c000 	/System/Library/PrivateFrameworks/DFRFoundation.framework/Versions/A/DFRFoundation
0x00007fff224e4000 	/usr/lib/libicucore.A.dylib
0x00007fff2cec8000 	/System/Library/Frameworks/AudioToolbox.framework/Versions/A/AudioToolbox
0x00007fff2c173000 	/System/Library/PrivateFrameworks/DataDetectorsCore.framework/Versions/A/DataDetectorsCore
0x00007fff2892c000 	/System/Library/Frameworks/Carbon.framework/Versions/A/Frameworks/HIToolbox.framework/Versions/A/HIToolbox
0x00007fff26e75000 	/System/Library/Frameworks/QuartzCore.framework/Versions/A/QuartzCore
0x00007fff2feca000 	/System/Library/Frameworks/Carbon.framework/Versions/A/Frameworks/SpeechRecognition.framework/Versions/A/SpeechRecognition
0x00007fff2717a000 	/System/Library/PrivateFrameworks/CoreUI.framework/Versions/A/CoreUI
0x00007fff21af0000 	/System/Library/Frameworks/CoreAudio.framework/Versions/A/CoreAudio
0x00007fff264e4000 	/System/Library/Frameworks/DiskArbitration.framework/Versions/A/DiskArbitration
0x00007fff2bd85000 	/System/Library/PrivateFrameworks/MultitouchSupport.framework/Versions/A/MultitouchSupport
0x00007fff2c16a000 	/System/Library/PrivateFrameworks/InternationalSupport.framework/Versions/A/InternationalSupport
0x00007fff24ac4000 	/usr/lib/libenergytrace.dylib
0x00007fff22ab2000 	/System/Library/Frameworks/IOKit.framework/Versions/A/IOKit
0x00007fff30217000 	/System/Library/Frameworks/CoreServices.framework/Versions/A/CoreServices
0x00007fff273a8000 	/System/Library/PrivateFrameworks/PerformanceAnalysis.framework/Versions/A/PerformanceAnalysis
0x00007fff6b70b000 	/System/Library/Frameworks/OpenGL.framework/Versions/A/OpenGL
0x00007fff2c1ef000 	/System/Library/PrivateFrameworks/UserActivity.framework/Versions/A/UserActivity
0x00007fff20248000 	/usr/lib/libobjc.A.dylib
0x00007fff25569000 	/System/Library/Frameworks/ColorSync.framework/Versions/A/ColorSync
0x00007fff20429000 	/System/Library/Frameworks/CoreFoundation.framework/Versions/A/CoreFoundation
0x00007fff28eaf000 	/System/Library/Frameworks/CoreImage.framework/Versions/A/CoreImage
0x00007fff21906000 	/System/Library/Frameworks/CoreText.framework/Versions/A/CoreText
0x00007fff28c6e000 	/System/Library/Frameworks/ImageIO.framework/Versions/A/ImageIO
0x00007fff2a6f6000 	/System/Library/PrivateFrameworks/SoftLinking.framework/Versions/A/SoftLinking
0x00007fff2745e000 	/usr/lib/libxml2.2.dylib
0x00007fff2030e000 	/usr/lib/libc++.1.dylib
0x00007fff2a968000 	/usr/lib/libcompression.dylib
0x00007fff24ac5000 	/usr/lib/libMobileGestalt.dylib
0x00007fff2c09d000 	/System/Library/PrivateFrameworks/TextureIO.framework/Versions/A/TextureIO
0x00007fff2b056000 	/usr/lib/libate.dylib
0x00007fff2a6ea000 	/usr/lib/system/libcache.dylib
0x00007fff2a6a6000 	/usr/lib/system/libcommonCrypto.dylib
0x00007fff2a6d0000 	/usr/lib/system/libcompiler_rt.dylib
0x00007fff2a6c5000 	/usr/lib/system/libcopyfile.dylib
0x00007fff2013a000 	/usr/lib/system/libcorecrypto.dylib
0x00007fff20203000 	/usr/lib/system/libdispatch.dylib
0x00007fff203b8000 	/usr/lib/system/libdyld.dylib
0x00007fff2a6e1000 	/usr/lib/system/libkeymgr.dylib
0x00007fff2dc77000 	/usr/lib/system/liblaunch.dylib
0x00007fff2a684000 	/usr/lib/system/libmacho.dylib
0x00007fff29e9a000 	/usr/lib/system/libquarantine.dylib
0x00007fff2a6de000 	/usr/lib/system/libremovefile.dylib
0x00007fff24b21000 	/usr/lib/system/libsystem_asl.dylib
0x00007fff200ea000 	/usr/lib/system/libsystem_blocks.dylib
0x00007fff20285000 	/usr/lib/system/libsystem_c.dylib
0x00007fff2a6d8000 	/usr/lib/system/libsystem_collections.dylib
0x00007fff29287000 	/usr/lib/system/libsystem_configuration.dylib
0x00007fff28571000 	/usr/lib/system/libsystem_containermanager.dylib
0x00007fff2a41c000 	/usr/lib/system/libsystem_coreservices.dylib
0x00007fff22746000 	/usr/lib/system/libsystem_darwin.dylib
0x00007fff2a6e2000 	/usr/lib/system/libsystem_dnssd.dylib
0x00007fff20282000 	/usr/lib/system/libsystem_featureflags.dylib
0x00007fff203fd000 	/usr/lib/system/libsystem_info.dylib
0x00007fff2a637000 	/usr/lib/system/libsystem_m.dylib
0x00007fff201d6000 	/usr/lib/system/libsystem_malloc.dylib
0x00007fff24ab5000 	/usr/lib/system/libsystem_networkextension.dylib
0x00007fff22b60000 	/usr/lib/system/libsystem_notify.dylib
0x00007fff30115000 	/usr/lib/system/libsystem_product_info_filter.dylib
0x00007fff2928b000 	/usr/lib/system/libsystem_sandbox.dylib
0x00007fff2a6db000 	/usr/lib/system/libsystem_secinit.dylib
0x00007fff2037d000 	/usr/lib/system/libsystem_kernel.dylib
0x00007fff203f3000 	/usr/lib/system/libsystem_platform.dylib
0x00007fff203ac000 	/usr/lib/system/libsystem_pthread.dylib
0x00007fff26247000 	/usr/lib/system/libsystem_symptoms.dylib
0x00007fff20122000 	/usr/lib/system/libsystem_trace.dylib
0x00007fff2a6b2000 	/usr/lib/system/libunwind.dylib
0x00007fff200ec000 	/usr/lib/system/libxpc.dylib
0x00007fff20364000 	/usr/lib/libc++abi.dylib
0x00007fff2a6bd000 	/usr/lib/liboah.dylib
0x00007fff2ad81000 	/usr/lib/liblzma.5.dylib
0x00007fff20e1e000 	/System/Library/Frameworks/SystemConfiguration.framework/Versions/A/SystemConfiguration
0x00007fff2a6f2000 	/usr/lib/libfakelink.dylib
0x00007fff24617000 	/System/Library/Frameworks/CFNetwork.framework/Versions/A/CFNetwork
0x00007fff2a832000 	/usr/lib/libarchive.2.dylib
0x00007fff20e9b000 	/usr/lib/libCRFSuite.dylib
0x00007fff29ec1000 	/usr/lib/libbsm.0.dylib
0x00007fff23fd3000 	/usr/lib/libnetwork.dylib
0x00007fff2a6f7000 	/usr/lib/libpcap.A.dylib
0x00007fff26240000 	/usr/lib/libdns_services.dylib
0x00007fff2ad9a000 	/usr/lib/libcoretls_cfhelpers.dylib
0x00007fff2a936000 	/usr/lib/libapple_nghttp2.dylib
0x00007fff2a68a000 	/usr/lib/system/libkxld.dylib
0x00007fff25eae000 	/usr/lib/libsqlite3.dylib
0x00007fff2a3fe000 	/System/Library/PrivateFrameworks/AppleFSCompression.framework/Versions/A/AppleFSCompression
0x00007fff29ea9000 	/usr/lib/libcoretls.dylib
0x00007fff2a963000 	/usr/lib/libpam.2.dylib
0x00007fff2ae97000 	/usr/lib/libxar.1.dylib
0x00007fff29292000 	/System/Library/PrivateFrameworks/AppleSystemInfo.framework/Versions/A/AppleSystemInfo
0x00007fff29aec000 	/System/Library/PrivateFrameworks/IOMobileFramebuffer.framework/Versions/A/IOMobileFramebuffer
0x00007fff2a40e000 	/usr/lib/libbz2.1.0.dylib
0x00007fff2a72f000 	/usr/lib/libiconv.2.dylib
0x00007fff2a683000 	/usr/lib/libcharset.1.dylib
0x00007fff273e4000 	/System/Library/Frameworks/CoreServices.framework/Versions/A/Frameworks/FSEvents.framework/Versions/A/FSEvents
0x00007fff22750000 	/System/Library/Frameworks/CoreServices.framework/Versions/A/Frameworks/CarbonCore.framework/Versions/A/CarbonCore
0x00007fff26449000 	/System/Library/Frameworks/CoreServices.framework/Versions/A/Frameworks/Metadata.framework/Versions/A/Metadata
0x00007fff2a421000 	/System/Library/Frameworks/CoreServices.framework/Versions/A/Frameworks/OSServices.framework/Versions/A/OSServices
0x00007fff2a8a4000 	/System/Library/Frameworks/CoreServices.framework/Versions/A/Frameworks/SearchKit.framework/Versions/A/SearchKit
0x00007fff261ca000 	/System/Library/Frameworks/CoreServices.framework/Versions/A/Frameworks/AE.framework/Versions/A/AE
0x00007fff208c5000 	/System/Library/Frameworks/CoreServices.framework/Versions/A/Frameworks/LaunchServices.framework/Versions/A/LaunchServices
0x00007fff2ad32000 	/System/Library/Frameworks/CoreServices.framework/Versions/A/Frameworks/DictionaryServices.framework/Versions/A/DictionaryServices
0x00007fff273ed000 	/System/Library/Frameworks/CoreServices.framework/Versions/A/Frameworks/SharedFileList.framework/Versions/A/SharedFileList
0x00007fff29e9d000 	/usr/lib/libCheckFix.dylib
0x00007fff24b38000 	/System/Library/PrivateFrameworks/TCC.framework/Versions/A/TCC
0x00007fff29298000 	/System/Library/PrivateFrameworks/CoreNLP.framework/Versions/A/CoreNLP
0x00007fff263fc000 	/System/Library/PrivateFrameworks/MetadataUtilities.framework/Versions/A/MetadataUtilities
0x00007fff20ed1000 	/usr/lib/libmecabra.dylib
0x00007fff2a1b1000 	/System/Library/Frameworks/MLCompute.framework/Versions/A/MLCompute
0x00007fff29ed2000 	/usr/lib/libmecab.dylib
0x00007fff29f1c000 	/usr/lib/libgermantok.dylib
0x00007fff2a90c000 	/usr/lib/libThaiTokenizer.dylib
0x00007fff2aed2000 	/usr/lib/libChineseTokenizer.dylib
0x00007fff2a961000 	/System/Library/Frameworks/MetalPerformanceShaders.framework/Versions/A/MetalPerformanceShaders
0x00007fff264eb000 	/System/Library/Frameworks/Accelerate.framework/Versions/A/Frameworks/vImage.framework/Versions/A/vImage
0x00007fff301f0000 	/System/Library/Frameworks/Accelerate.framework/Versions/A/Frameworks/vecLib.framework/Versions/A/vecLib
0x00007fff2aedd000 	/System/Library/Frameworks/Accelerate.framework/Versions/A/Frameworks/vecLib.framework/Versions/A/libvMisc.dylib
0x00007fff29948000 	/System/Library/Frameworks/Accelerate.framework/Versions/A/Frameworks/vecLib.framework/Versions/A/libvDSP.dylib
0x00007fff20bc8000 	/System/Library/Frameworks/Accelerate.framework/Versions/A/Frameworks/vecLib.framework/Versions/A/libBLAS.dylib
0x00007fff2a987000 	/System/Library/Frameworks/Accelerate.framework/Versions/A/Frameworks/vecLib.framework/Versions/A/libLAPACK.dylib
0x00007fff29f22000 	/System/Library/Frameworks/Accelerate.framework/Versions/A/Frameworks/vecLib.framework/Versions/A/libLinearAlgebra.dylib
0x00007fff2a94e000 	/System/Library/Frameworks/Accelerate.framework/Versions/A/Frameworks/vecLib.framework/Versions/A/libSparseBLAS.dylib
0x00007fff2a981000 	/System/Library/Frameworks/Accelerate.framework/Versions/A/Frameworks/vecLib.framework/Versions/A/libQuadrature.dylib
0x00007fff29340000 	/System/Library/Frameworks/Accelerate.framework/Versions/A/Frameworks/vecLib.framework/Versions/A/libBNNS.dylib
0x00007fff20daf000 	/System/Library/Frameworks/Accelerate.framework/Versions/A/Frameworks/vecLib.framework/Versions/A/libSparse.dylib
0x00007fff2922b000 	/System/Library/Frameworks/MetalPerformanceShaders.framework/Versions/A/Frameworks/MPSCore.framework/Versions/A/MPSCore
0x00007fff2a36d000 	/System/Library/Frameworks/MetalPerformanceShaders.framework/Versions/A/Frameworks/MPSImage.framework/Versions/A/MPSImage
0x00007fff29f39000 	/System/Library/Frameworks/MetalPerformanceShaders.framework/Versions/A/Frameworks/MPSNeuralNetwork.framework/Versions/A/MPSNeuralNetwork
0x00007fff2a2f8000 	/System/Library/Frameworks/MetalPerformanceShaders.framework/Versions/A/Frameworks/MPSMatrix.framework/Versions/A/MPSMatrix
0x00007fff2a161000 	/System/Library/Frameworks/MetalPerformanceShaders.framework/Versions/A/Frameworks/MPSRayIntersector.framework/Versions/A/MPSRayIntersector
0x00007fff2a32f000 	/System/Library/Frameworks/MetalPerformanceShaders.framework/Versions/A/Frameworks/MPSNDArray.framework/Versions/A/MPSNDArray
0x00007fff20af4000 	/System/Library/PrivateFrameworks/MetalTools.framework/Versions/A/MetalTools
0x00007fff29290000 	/System/Library/PrivateFrameworks/AggregateDictionary.framework/Versions/A/AggregateDictionary
0x00007fff263d4000 	/System/Library/PrivateFrameworks/CoreAnalytics.framework/Versions/A/CoreAnalytics
0x00007fff2a90e000 	/System/Library/PrivateFrameworks/AppleSauce.framework/Versions/A/AppleSauce
0x00007fff28594000 	/System/Library/PrivateFrameworks/IOAccelerator.framework/Versions/A/IOAccelerator
0x00007fff6b6ff000 	/System/Library/Frameworks/OpenGL.framework/Versions/A/Libraries/libCoreFSCache.dylib
0x00007fff2146c000 	/System/Library/PrivateFrameworks/LanguageModeling.framework/Versions/A/LanguageModeling
0x00007fff29ad9000 	/System/Library/PrivateFrameworks/CoreEmoji.framework/Versions/A/CoreEmoji
0x00007fff29339000 	/System/Library/PrivateFrameworks/LinguisticData.framework/Versions/A/LinguisticData
0x00007fff20d61000 	/System/Library/PrivateFrameworks/Lexicon.framework/Versions/A/Lexicon
0x00007fff2a820000 	/usr/lib/libcmph.dylib
0x00007fff273c4000 	/System/Library/Frameworks/OpenDirectory.framework/Versions/A/Frameworks/CFOpenDirectory.framework/Versions/A/CFOpenDirectory
0x00007fff273b4000 	/System/Library/Frameworks/OpenDirectory.framework/Versions/A/OpenDirectory
0x00007fff2ad9c000 	/System/Library/PrivateFrameworks/APFS.framework/Versions/A/APFS
0x00007fff29dfe000 	/System/Library/Frameworks/SecurityFoundation.framework/Versions/A/SecurityFoundation
0x00007fff2aea5000 	/usr/lib/libutil.dylib
0x00007fff22a77000 	/System/Library/PrivateFrameworks/CoreServicesStore.framework/Versions/A/CoreServicesStore
0x00007fff29e95000 	/System/Library/Frameworks/ServiceManagement.framework/Versions/A/ServiceManagement
0x00007fff2aea9000 	/usr/lib/libxslt.1.dylib
0x00007fff29e8b000 	/System/Library/PrivateFrameworks/BackgroundTaskManagement.framework/Versions/A/BackgroundTaskManagement
0x00007fff2bfe8000 	/System/Library/Frameworks/ImageIO.framework/Versions/A/Resources/libRadiance.dylib
0x00007fff2bff1000 	/System/Library/Frameworks/ImageIO.framework/Versions/A/Resources/libJPEG.dylib
0x00007fff2bf3f000 	/System/Library/Frameworks/ImageIO.framework/Versions/A/Resources/libPng.dylib
0x00007fff2bf66000 	/System/Library/Frameworks/ImageIO.framework/Versions/A/Resources/libTIFF.dylib
0x00007fff2c046000 	/System/Library/Frameworks/ImageIO.framework/Versions/A/Resources/libGIF.dylib
0x00007fff2bca3000 	/System/Library/Frameworks/ImageIO.framework/Versions/A/Resources/libJP2.dylib
0x00007fff2b38f000 	/usr/lib/libexpat.1.dylib
0x00007fff2bc59000 	/System/Library/PrivateFrameworks/AppleJPEG.framework/Versions/A/AppleJPEG
0x00007fff287cf000 	/System/Library/PrivateFrameworks/FontServices.framework/libFontParser.dylib
0x00007fff2617e000 	/System/Library/PrivateFrameworks/RunningBoardServices.framework/Versions/A/RunningBoardServices
0x00007fff2bd81000 	/System/Library/PrivateFrameworks/WatchdogClient.framework/Versions/A/WatchdogClient
0x00007fff21559000 	/System/Library/Frameworks/CoreDisplay.framework/Versions/A/CoreDisplay
0x00007fff286e4000 	/System/Library/Frameworks/CoreMedia.framework/Versions/A/CoreMedia
0x00007fff27541000 	/System/Library/Frameworks/CoreVideo.framework/Versions/A/CoreVideo
0x00007fff2bdb9000 	/System/Library/Frameworks/VideoToolbox.framework/Versions/A/VideoToolbox
0x00007fff260fc000 	/System/Library/PrivateFrameworks/BaseBoard.framework/Versions/A/BaseBoard
0x00007fff2b4d4000 	/System/Library/PrivateFrameworks/PersistentConnection.framework/Versions/A/PersistentConnection
0x00007fff25e97000 	/System/Library/PrivateFrameworks/ProtocolBuffer.framework/Versions/A/ProtocolBuffer
0x00007fff260e3000 	/System/Library/PrivateFrameworks/CommonUtilities.framework/Versions/A/CommonUtilities
0x00007fff2bbee000 	/System/Library/PrivateFrameworks/Bom.framework/Versions/A/Bom
0x00007fff2bfe1000 	/System/Library/PrivateFrameworks/GPUWrangler.framework/Versions/A/GPUWrangler
0x00007fff2bfc4000 	/System/Library/PrivateFrameworks/IOPresentment.framework/Versions/A/IOPresentment
0x00007fff2bfeb000 	/System/Library/PrivateFrameworks/DSExternalDisplay.framework/Versions/A/DSExternalDisplay
0x00007fff2c04b000 	/System/Library/PrivateFrameworks/CMCaptureCore.framework/Versions/A/CMCaptureCore
0x00007fff2b974000 	/System/Library/PrivateFrameworks/AppServerSupport.framework/Versions/A/AppServerSupport
0x00007fff2da18000 	/System/Library/PrivateFrameworks/perfdata.framework/Versions/A/perfdata
0x00007fff29ded000 	/System/Library/PrivateFrameworks/AssertionServices.framework/Versions/A/AssertionServices
0x00007fff21690000 	/System/Library/PrivateFrameworks/AudioToolboxCore.framework/Versions/A/AudioToolboxCore
0x00007fff286c7000 	/System/Library/PrivateFrameworks/caulk.framework/Versions/A/caulk
0x00007fff3ccb2000 	/System/Library/PrivateFrameworks/SystemPolicy.framework/Versions/A/SystemPolicy
0x00007fff2b185000 	/usr/lib/libIOReport.dylib
0x00007fff2d23a000 	/usr/lib/libSMC.dylib
0x00007fff2bf0c000 	/usr/lib/libAudioToolboxUtility.dylib
0x00007fff3d617000 	/usr/lib/libmis.dylib
0x00007fff6b75b000 	/System/Library/Frameworks/OpenGL.framework/Versions/A/Libraries/libGLU.dylib
0x00007fff6b71e000 	/System/Library/Frameworks/OpenGL.framework/Versions/A/Libraries/libGFXShared.dylib
0x00007fff6b92d000 	/System/Library/Frameworks/OpenGL.framework/Versions/A/Libraries/libGL.dylib
0x00007fff6b727000 	/System/Library/Frameworks/OpenGL.framework/Versions/A/Libraries/libGLImage.dylib
0x00007fff6b71b000 	/System/Library/Frameworks/OpenGL.framework/Versions/A/Libraries/libCVMSPluginSupport.dylib
0x00007fff6b706000 	/System/Library/Frameworks/OpenGL.framework/Versions/A/Libraries/libCoreVMClient.dylib
0x00007fff6cd6e000 	/System/Library/Frameworks/OpenCL.framework/Versions/A/OpenCL
0x00007fff2b4fe000 	/System/Library/PrivateFrameworks/GraphVisualizer.framework/Versions/A/GraphVisualizer
0x00007fff2b50d000 	/System/Library/PrivateFrameworks/FaceCore.framework/Versions/A/FaceCore
0x00007fff2b929000 	/System/Library/PrivateFrameworks/OTSVG.framework/Versions/A/OTSVG
0x00007fff27138000 	/System/Library/Frameworks/ApplicationServices.framework/Versions/A/Frameworks/ATS.framework/Versions/A/Resources/libFontRegistry.dylib
0x00007fff2b97b000 	/System/Library/PrivateFrameworks/FontServices.framework/libhvf.dylib
0x00007fff2b33b000 	/System/Library/PrivateFrameworks/AppleVA.framework/Versions/A/AppleVA
0x00007fff2d083000 	/System/Library/Frameworks/ApplicationServices.framework/Versions/A/Frameworks/ATS.framework/Versions/A/ATS
0x00007fff2d395000 	/System/Library/Frameworks/ApplicationServices.framework/Versions/A/Frameworks/ColorSyncLegacy.framework/Versions/A/ColorSyncLegacy
0x00007fff25660000 	/System/Library/Frameworks/ApplicationServices.framework/Versions/A/Frameworks/HIServices.framework/Versions/A/HIServices
0x00007fff2d37a000 	/System/Library/Frameworks/ApplicationServices.framework/Versions/A/Frameworks/LangAnalysis.framework/Versions/A/LangAnalysis
0x00007fff2c055000 	/System/Library/Frameworks/ApplicationServices.framework/Versions/A/Frameworks/PrintCore.framework/Versions/A/PrintCore
0x00007fff2d39d000 	/System/Library/Frameworks/ApplicationServices.framework/Versions/A/Frameworks/QD.framework/Versions/A/QD
0x00007fff2d073000 	/System/Library/Frameworks/ApplicationServices.framework/Versions/A/Frameworks/SpeechSynthesis.framework/Versions/A/SpeechSynthesis
0x00007fff2c016000 	/System/Library/Frameworks/ApplicationServices.framework/Versions/A/Frameworks/ATSUI.framework/Versions/A/ATSUI
0x00007fff2d31a000 	/usr/lib/libcups.2.dylib
0x00007fff2d38a000 	/System/Library/PrivateFrameworks/NetAuth.framework/Versions/A/NetAuth
0x00007fff2da34000 	/System/Library/Frameworks/Kerberos.framework/Versions/A/Kerberos
0x00007fff2da44000 	/System/Library/Frameworks/GSS.framework/Versions/A/GSS
0x00007fff2d0ef000 	/usr/lib/libresolv.9.dylib
0x00007fff2b990000 	/System/Library/PrivateFrameworks/Heimdal.framework/Versions/A/Heimdal
0x00007fff337ab000 	/System/Library/Frameworks/Kerberos.framework/Versions/A/Libraries/libHeimdalProxy.dylib
0x00007fff2624f000 	/System/Library/Frameworks/Network.framework/Versions/A/Network
0x00007fff2b3a9000 	/usr/lib/libheimdal-asn1.dylib
0x00007fff2da94000 	/System/Library/PrivateFrameworks/CommonAuth.framework/Versions/A/CommonAuth
0x00007fff2758e000 	/System/Library/PrivateFrameworks/login.framework/Versions/A/Frameworks/loginsupport.framework/Versions/A/loginsupport
0x00007fff2cff8000 	/System/Library/PrivateFrameworks/AudioSession.framework/Versions/A/AudioSession
0x00007fff2d060000 	/usr/lib/libAudioStatistics.dylib
0x00007fff2b436000 	/System/Library/PrivateFrameworks/MediaExperience.framework/Versions/A/MediaExperience
0x00007fff2ce96000 	/System/Library/PrivateFrameworks/AudioSession.framework/libSessionUtility.dylib
0x00007fff2da25000 	/usr/lib/libperfcheck.dylib
0x00007fff2d3a9000 	/System/Library/PrivateFrameworks/AudioResourceArbitration.framework/Versions/A/AudioResourceArbitration
0x00007fff2b3b3000 	/System/Library/PrivateFrameworks/IconFoundation.framework/Versions/A/IconFoundation
0x00007fff2feba000 	/System/Library/PrivateFrameworks/SpeechRecognitionCore.framework/Versions/A/SpeechRecognitionCore
0x000000010e800000 	/Library/Java/JavaVirtualMachines/adoptopenjdk-11.jdk/Contents/Home/lib/server/libjvm.dylib
0x0000000110a53000 	/Library/Java/JavaVirtualMachines/adoptopenjdk-11.jdk/Contents/Home/lib/libverify.dylib
0x0000000110ac8000 	/Library/Java/JavaVirtualMachines/adoptopenjdk-11.jdk/Contents/Home/lib/libjava.dylib
0x0000000110b2e000 	/Library/Java/JavaVirtualMachines/adoptopenjdk-11.jdk/Contents/Home/lib/libjimage.dylib
0x0000000110b48000 	/Library/Java/JavaVirtualMachines/adoptopenjdk-11.jdk/Contents/Home/lib/libinstrument.dylib
0x0000000110bac000 	/Library/Java/JavaVirtualMachines/adoptopenjdk-11.jdk/Contents/Home/lib/libzip.dylib
0x00000001317d3000 	/Library/Java/JavaVirtualMachines/adoptopenjdk-11.jdk/Contents/Home/lib/libnio.dylib
0x0000000131800000 	/Library/Java/JavaVirtualMachines/adoptopenjdk-11.jdk/Contents/Home/lib/libnet.dylib
0x0000000110aa5000 	/Library/Java/JavaVirtualMachines/adoptopenjdk-11.jdk/Contents/Home/lib/libextnet.dylib


VM Arguments:
jvm_args: -javaagent:/Applications/IntelliJ IDEA.app/Contents/lib/idea_rt.jar=58553:/Applications/IntelliJ IDEA.app/Contents/bin -Dfile.encoding=UTF-8 
java_command: MethodsExercises
java_class_path (initial): /Users/koontzhome/IdeaProjects/codeup-java-exercises/out/production/codeup-java-exercises
Launcher Type: SUN_STANDARD

[Global flags]
     intx CICompilerCount                          = 4                                         {product} {ergonomic}
     uint ConcGCThreads                            = 2                                         {product} {ergonomic}
     uint G1ConcRefinementThreads                  = 8                                         {product} {ergonomic}
   size_t G1HeapRegionSize                         = 1048576                                   {product} {ergonomic}
    uintx GCDrainStackTargetSize                   = 64                                        {product} {ergonomic}
   size_t InitialHeapSize                          = 134217728                                 {product} {ergonomic}
   size_t MarkStackSize                            = 4194304                                   {product} {ergonomic}
   size_t MaxHeapSize                              = 2147483648                                {product} {ergonomic}
   size_t MaxNewSize                               = 1287651328                                {product} {ergonomic}
   size_t MinHeapDeltaBytes                        = 1048576                                   {product} {ergonomic}
    uintx NonNMethodCodeHeapSize                   = 5836300                                {pd product} {ergonomic}
    uintx NonProfiledCodeHeapSize                  = 122910970                              {pd product} {ergonomic}
    uintx ProfiledCodeHeapSize                     = 122910970                              {pd product} {ergonomic}
    uintx ReservedCodeCacheSize                    = 251658240                              {pd product} {ergonomic}
     bool SegmentedCodeCache                       = true                                      {product} {ergonomic}
     bool UseCompressedClassPointers               = true                                 {lp64_product} {ergonomic}
     bool UseCompressedOops                        = true                                 {lp64_product} {ergonomic}
     bool UseG1GC                                  = true                                      {product} {ergonomic}

Logging:
Log output configuration:
 #0: stdout all=warning uptime,level,tags
 #1: stderr all=off uptime,level,tags

Environment Variables:
PATH=/Library/Frameworks/Python.framework/Versions/3.9/bin:/usr/local/bin:/usr/bin:/bin:/usr/sbin:/sbin
SHELL=/bin/zsh
LC_CTYPE=en_US.UTF-8

Signal Handlers:
SIGSEGV: [libjvm.dylib+0x7b8c82], sa_mask[0]=11111111111111111111111111111111, sa_flags=SA_ONSTACK|SA_RESTART|SA_SIGINFO
SIGBUS: [libjvm.dylib+0x7b8c82], sa_mask[0]=11111111111111111111111111111111, sa_flags=SA_RESTART|SA_SIGINFO
SIGFPE: [libjvm.dylib+0x7b8c82], sa_mask[0]=11111111111111111111111111111111, sa_flags=SA_RESTART|SA_SIGINFO
SIGPIPE: [libjvm.dylib+0x61f47b], sa_mask[0]=11111111111111111111111111111111, sa_flags=SA_RESTART|SA_SIGINFO
SIGXFSZ: [libjvm.dylib+0x61f47b], sa_mask[0]=11111111111111111111111111111111, sa_flags=SA_RESTART|SA_SIGINFO
SIGILL: [libjvm.dylib+0x7b8c82], sa_mask[0]=11111111111111111111111111111111, sa_flags=SA_RESTART|SA_SIGINFO
SIGUSR2: [libjvm.dylib+0x61fa63], sa_mask[0]=00100000000000000000000000000000, sa_flags=SA_RESTART|SA_SIGINFO
SIGHUP: [libjvm.dylib+0x61e5a9], sa_mask[0]=11111111111111111111111111111111, sa_flags=SA_RESTART|SA_SIGINFO
SIGINT: [libjvm.dylib+0x61e5a9], sa_mask[0]=11111111111111111111111111111111, sa_flags=SA_RESTART|SA_SIGINFO
SIGTERM: [libjvm.dylib+0x61e5a9], sa_mask[0]=11111111111111111111111111111111, sa_flags=SA_RESTART|SA_SIGINFO
SIGQUIT: [libjvm.dylib+0x61e5a9], sa_mask[0]=11111111111111111111111111111111, sa_flags=SA_RESTART|SA_SIGINFO


---------------  S Y S T E M  ---------------

OS:uname:Darwin 20.1.0 Darwin Kernel Version 20.1.0: Sat Oct 31 00:07:10 PDT 2020; root:xnu-7195.50.7~2/RELEASE_ARM64_T8101 x86_64
OS uptime: 13 days 14:32 hours
rlimit (soft/hard): STACK 8176k/65520k , CORE 0k/infinity , NPROC 1333/2000 , NOFILE 10240/infinity , AS infinity/infinity , CPU infinity/infinity , DATA infinity/infinity , FSIZE infinity/infinity , MEMLOCK infinity/infinity , RSS infinity/infinity
load average:2.07 2.07 2.00

CPU:total 8 (initial active 8) (1 cores per cpu, 1 threads per core) family 6 model 44 stepping 0, cmov, cx8, fxsr, mmx, sse, sse2, sse3, ssse3, sse4.1, sse4.2, popcnt, aes, clmul, tsc, tscinvbit, tscinv

Memory: 4k page, physical 8388608k(18556k free), swap 6291456k(1344512k free)

vm_info: OpenJDK 64-Bit Server VM (11.0.9.1+1) for bsd-amd64 JRE (11.0.9.1+1), built on Nov 10 2020 15:24:42 by "jenkins" with gcc 4.2.1 Compatible Apple LLVM 10.0.1 (clang-1001.0.46.4)

END.
